2023-06-14 00:34:03.228  --  GET /articles
2023-06-14 00:34:05.356  --  DELETE /articles/1
2023-06-14 00:34:05.362  --  GET /articles
2023-06-14 00:34:11.693  --  POST /articles
2023-06-14 00:34:11.700  --  GET /articles
2023-06-14 00:35:12.769  --  GET /articles
2023-06-14 00:35:14.773  --  GET /articles
2023-06-14 00:35:36.283  --  POST /articles
2023-06-14 00:35:36.283  --  ERROR ArticleExistEx on POST /articles
2023-06-14 09:17:05.031  --  GET /articles
2023-06-14 09:17:05.423  --  PUT /articles/2/sell
2023-06-14 09:17:05.423  --  PUT /articles/1/sell
2023-06-14 09:17:05.871  --  GET /articles
2023-06-14 09:17:05.895  --  PUT /articles/1/sell
2023-06-14 09:17:05.897  --  PUT /articles/2/sell
2023-06-14 09:17:25.402  --  POST /articles
2023-06-14 09:17:25.403  --  ERROR ArticleExistEx on POST /articles
2023-06-14 09:27:52.367  --  GET /articles
2023-06-14 09:27:52.778  --  PUT /articles/2/sell
2023-06-14 09:27:52.778  --  PUT /articles/1/sell
2023-06-14 09:28:11.687  --  GET /articles
2023-06-14 09:28:11.707  --  PUT /articles/2/sell
2023-06-14 09:28:11.707  --  PUT /articles/1/sell
2023-06-14 09:28:12.409  --  GET /articles
2023-06-14 09:28:12.432  --  PUT /articles/1/sell
2023-06-14 09:28:12.432  --  PUT /articles/2/sell
2023-06-14 09:28:13.990  --  DELETE /articles/2
2023-06-14 09:28:14.006  --  GET /articles
2023-06-14 09:28:15.372  --  GET /articles
2023-06-14 09:28:15.388  --  PUT /articles/1/sell
2023-06-14 09:28:16.042  --  GET /articles
2023-06-14 09:28:16.059  --  PUT /articles/1/sell
2023-06-14 09:28:16.592  --  GET /articles
2023-06-14 09:28:16.606  --  PUT /articles/1/sell
2023-06-14 09:31:15.708  --  GET /articles
2023-06-14 09:31:16.077  --  PUT /articles/2/sell
2023-06-14 09:31:16.077  --  PUT /articles/3/sell
2023-06-14 09:31:16.077  --  PUT /articles/1/sell
2023-06-14 09:37:20.783  --  GET /articles
2023-06-14 09:44:34.070  --  GET /articles
2023-06-14 09:44:34.092  --  PUT /articles/1/sell
2023-06-14 09:44:34.092  --  PUT /articles/3/sell
2023-06-14 09:44:34.094  --  PUT /articles/2/sell
2023-06-14 09:51:48.069  --  GET /articles
2023-06-14 09:51:48.088  --  PUT /articles/2/sell
2023-06-14 09:51:48.088  --  PUT /articles/1/sell
2023-06-14 09:51:48.093  --  PUT /articles/3/sell
2023-06-14 09:55:09.158  --  GET /articles
2023-06-14 09:55:09.179  --  PUT /articles/1/sell
2023-06-14 09:55:09.183  --  PUT /articles/2/sell
2023-06-14 09:55:09.183  --  PUT /articles/3/sell
2023-06-14 10:05:38.137  --  GET /articles
2023-06-14 10:05:38.160  --  PUT /articles/3/sell
2023-06-14 10:05:38.160  --  PUT /articles/2/sell
2023-06-14 10:05:38.160  --  PUT /articles/1/sell
2023-06-14 10:08:20.082  --  GET /articles
2023-06-14 10:08:20.398  --  PUT /articles/3/image
2023-06-14 10:08:20.398  --  PUT /articles/1/image
2023-06-14 10:08:20.398  --  PUT /articles/2/image
2023-06-14 10:09:05.679  --  GET /articles
2023-06-14 10:09:06.089  --  GET /articles/1/image
2023-06-14 10:09:06.089  --  GET /articles/2/image
2023-06-14 10:09:06.089  --  GET /articles/3/image
2023-06-14 10:09:30.178  --  POST /articles
2023-06-14 10:09:30.180  --  ERROR ArticleExistEx on POST /articles
2023-06-14 10:12:48.207  --  GET /articles
2023-06-14 10:12:48.250  --  GET /articles/1/image
2023-06-14 10:12:48.250  --  GET /articles/2/image
2023-06-14 10:12:48.254  --  GET /articles/3/image
2023-06-14 10:19:30.986  --  GET /articles
2023-06-14 10:19:31.012  --  GET /articles/1/image
2023-06-14 10:19:31.012  --  GET /articles/3/image
2023-06-14 10:19:31.017  --  GET /articles/2/image
2023-06-14 10:20:34.302  --  GET /articles
2023-06-14 10:20:34.333  --  GET /articles/1/image
2023-06-14 10:20:34.333  --  GET /articles/2/image
2023-06-14 10:20:34.346  --  GET /articles/3/image
2023-06-14 10:22:01.701  --  DELETE /articles/1
2023-06-14 10:22:01.718  --  GET /articles
2023-06-14 10:22:08.239  --  POST /articles
2023-06-14 10:22:08.239  --  ERROR ArticleExistEx on POST /articles
2023-06-14 10:26:59.853  --  POST /articles
2023-06-14 10:26:59.870  --  GET /articles
2023-06-14 10:26:59.887  --  GET /articles/6/image
2023-06-14 10:27:15.267  --  PUT /articles/3/sell
2023-06-14 10:27:15.279  --  GET /articles
2023-06-14 10:27:15.294  --  GET /articles/6/image
